0 info it worked if it ends with ok
1 verbose cli [ '/usr/local/bin/node', '/usr/local/bin/npm', 'install' ]
2 info using npm@1.3.21
3 info using node@v0.10.24
4 verbose readDependencies using package.json deps
5 verbose install where, deps [ '/Users/AgtLucas/Sites/generator-milagro',
5 verbose install   [ 'yeoman-generator', 'mocha' ] ]
6 info preinstall generator-milagro@0.0.0
7 verbose readDependencies using package.json deps
8 verbose cache add [ 'yeoman-generator@~0.14.0', null ]
9 verbose cache add name=undefined spec="yeoman-generator@~0.14.0" args=["yeoman-generator@~0.14.0",null]
10 verbose parsed url { protocol: null,
10 verbose parsed url   slashes: null,
10 verbose parsed url   auth: null,
10 verbose parsed url   host: null,
10 verbose parsed url   port: null,
10 verbose parsed url   hostname: null,
10 verbose parsed url   hash: null,
10 verbose parsed url   search: null,
10 verbose parsed url   query: null,
10 verbose parsed url   pathname: 'yeoman-generator@~0.14.0',
10 verbose parsed url   path: 'yeoman-generator@~0.14.0',
10 verbose parsed url   href: 'yeoman-generator@~0.14.0' }
11 verbose cache add name="yeoman-generator" spec="~0.14.0" args=["yeoman-generator","~0.14.0"]
12 verbose parsed url { protocol: null,
12 verbose parsed url   slashes: null,
12 verbose parsed url   auth: null,
12 verbose parsed url   host: null,
12 verbose parsed url   port: null,
12 verbose parsed url   hostname: null,
12 verbose parsed url   hash: null,
12 verbose parsed url   search: null,
12 verbose parsed url   query: null,
12 verbose parsed url   pathname: '~0.14.0',
12 verbose parsed url   path: '~0.14.0',
12 verbose parsed url   href: '~0.14.0' }
13 verbose addNamed [ 'yeoman-generator', '~0.14.0' ]
14 verbose addNamed [ null, '>=0.14.0-0 <0.15.0-0' ]
15 verbose cache add [ 'mocha@~1.14.0', null ]
16 verbose cache add name=undefined spec="mocha@~1.14.0" args=["mocha@~1.14.0",null]
17 verbose parsed url { protocol: null,
17 verbose parsed url   slashes: null,
17 verbose parsed url   auth: null,
17 verbose parsed url   host: null,
17 verbose parsed url   port: null,
17 verbose parsed url   hostname: null,
17 verbose parsed url   hash: null,
17 verbose parsed url   search: null,
17 verbose parsed url   query: null,
17 verbose parsed url   pathname: 'mocha@~1.14.0',
17 verbose parsed url   path: 'mocha@~1.14.0',
17 verbose parsed url   href: 'mocha@~1.14.0' }
18 verbose cache add name="mocha" spec="~1.14.0" args=["mocha","~1.14.0"]
19 verbose parsed url { protocol: null,
19 verbose parsed url   slashes: null,
19 verbose parsed url   auth: null,
19 verbose parsed url   host: null,
19 verbose parsed url   port: null,
19 verbose parsed url   hostname: null,
19 verbose parsed url   hash: null,
19 verbose parsed url   search: null,
19 verbose parsed url   query: null,
19 verbose parsed url   pathname: '~1.14.0',
19 verbose parsed url   path: '~1.14.0',
19 verbose parsed url   href: '~1.14.0' }
20 verbose addNamed [ 'mocha', '~1.14.0' ]
21 verbose addNamed [ null, '>=1.14.0-0 <1.15.0-0' ]
22 silly lockFile 149a9748-yeoman-generator-0-14-0 yeoman-generator@~0.14.0
23 verbose lock yeoman-generator@~0.14.0 /Users/AgtLucas/.npm/149a9748-yeoman-generator-0-14-0.lock
24 silly lockFile e9395643-mocha-1-14-0 mocha@~1.14.0
25 verbose lock mocha@~1.14.0 /Users/AgtLucas/.npm/e9395643-mocha-1-14-0.lock
26 silly addNameRange { name: 'yeoman-generator',
26 silly addNameRange   range: '>=0.14.0-0 <0.15.0-0',
26 silly addNameRange   hasData: false }
27 silly addNameRange { name: 'mocha', range: '>=1.14.0-0 <1.15.0-0', hasData: false }
28 verbose url raw yeoman-generator
29 verbose url resolving [ 'https://registry.npmjs.org/', './yeoman-generator' ]
30 verbose url resolved https://registry.npmjs.org/yeoman-generator
31 info trying registry request attempt 1 at 16:23:48
32 verbose etag "C4U2MC7OP02YXOMQVC9YFZMZG"
33 http GET https://registry.npmjs.org/yeoman-generator
34 verbose url raw mocha
35 verbose url resolving [ 'https://registry.npmjs.org/', './mocha' ]
36 verbose url resolved https://registry.npmjs.org/mocha
37 info trying registry request attempt 1 at 16:23:48
38 verbose etag "E92IKTPYXAR6HFJ5Q6VWLNMK0"
39 http GET https://registry.npmjs.org/mocha
40 info retry will retry, error on last attempt: Error: read ECONNRESET
41 info retry will retry, error on last attempt: Error: read ECONNRESET
42 info trying registry request attempt 2 at 16:24:00
43 verbose etag "E92IKTPYXAR6HFJ5Q6VWLNMK0"
44 http GET https://registry.npmjs.org/mocha
45 info trying registry request attempt 2 at 16:24:00
46 verbose etag "C4U2MC7OP02YXOMQVC9YFZMZG"
47 http GET https://registry.npmjs.org/yeoman-generator
48 info retry will retry, error on last attempt: Error: read ECONNRESET
49 info retry will retry, error on last attempt: Error: read ECONNRESET
50 info trying registry request attempt 3 at 16:25:00
51 verbose etag "E92IKTPYXAR6HFJ5Q6VWLNMK0"
52 http GET https://registry.npmjs.org/mocha
53 info trying registry request attempt 3 at 16:25:00
54 verbose etag "C4U2MC7OP02YXOMQVC9YFZMZG"
55 http GET https://registry.npmjs.org/yeoman-generator
56 silly registry.get cb [ 304, undefined ]
57 verbose etag yeoman-generator from cache
58 silly addNameRange number 2 { name: 'yeoman-generator',
58 silly addNameRange   range: '>=0.14.0-0 <0.15.0-0',
58 silly addNameRange   hasData: true }
59 silly addNameRange versions [ 'yeoman-generator',
59 silly addNameRange   [ '0.10.0',
59 silly addNameRange     '0.10.1',
59 silly addNameRange     '0.10.2',
59 silly addNameRange     '0.10.3',
59 silly addNameRange     '0.10.4',
59 silly addNameRange     '0.10.5',
59 silly addNameRange     '0.11.0',
59 silly addNameRange     '0.11.1',
59 silly addNameRange     '0.11.2',
59 silly addNameRange     '0.11.3',
59 silly addNameRange     '0.11.4',
59 silly addNameRange     '0.12.0',
59 silly addNameRange     '0.12.1',
59 silly addNameRange     '0.12.2',
59 silly addNameRange     '0.12.3',
59 silly addNameRange     '0.13.0',
59 silly addNameRange     '0.13.1',
59 silly addNameRange     '0.13.2',
59 silly addNameRange     '0.13.3',
59 silly addNameRange     '0.13.4',
59 silly addNameRange     '0.14.0-rc.1',
59 silly addNameRange     '0.14.0-rc.2',
59 silly addNameRange     '0.14.0',
59 silly addNameRange     '0.14.1',
59 silly addNameRange     '0.14.2',
59 silly addNameRange     '0.15.0-pre.1',
59 silly addNameRange     '0.15.0-pre.2' ] ]
60 verbose addNamed [ 'yeoman-generator', '0.14.2' ]
61 verbose addNamed [ '0.14.2', '0.14.2' ]
62 silly lockFile 45422672-yeoman-generator-0-14-2 yeoman-generator@0.14.2
63 verbose lock yeoman-generator@0.14.2 /Users/AgtLucas/.npm/45422672-yeoman-generator-0-14-2.lock
64 silly lockFile 8277025e-ator-yeoman-generator-0-14-2-tgz https://registry.npmjs.org/yeoman-generator/-/yeoman-generator-0.14.2.tgz
65 verbose lock https://registry.npmjs.org/yeoman-generator/-/yeoman-generator-0.14.2.tgz /Users/AgtLucas/.npm/8277025e-ator-yeoman-generator-0-14-2-tgz.lock
66 verbose addRemoteTarball [ 'https://registry.npmjs.org/yeoman-generator/-/yeoman-generator-0.14.2.tgz',
66 verbose addRemoteTarball   '6d3e306d1118c83c25ac12a9d3dcb7870aa53397' ]
67 info retry fetch attempt 1 at 16:25:02
68 verbose fetch to= /var/folders/wb/3548h54s419544npnm7cfv7m0000gn/T/npm-4166-MxxEFnFN/1388255102753-0.9627737884875387/tmp.tgz
69 http GET https://registry.npmjs.org/yeoman-generator/-/yeoman-generator-0.14.2.tgz
70 http 200 https://registry.npmjs.org/yeoman-generator/-/yeoman-generator-0.14.2.tgz
71 http 200 https://registry.npmjs.org/mocha
72 silly registry.get cb [ 200,
72 silly registry.get   { date: 'Sat, 28 Dec 2013 18:25:03 GMT',
72 silly registry.get     server: 'CouchDB/1.5.0 (Erlang OTP/R15B03)',
72 silly registry.get     etag: '"21K5POGMT11XDAZYCYOSYZ65X"',
72 silly registry.get     'content-type': 'application/json',
72 silly registry.get     'content-length': '171798',
72 silly registry.get     'accept-ranges': 'bytes',
72 silly registry.get     via: '1.1 varnish',
72 silly registry.get     age: '39801',
72 silly registry.get     'x-served-by': 'cache-fra1226-FRA',
72 silly registry.get     'x-cache': 'HIT',
72 silly registry.get     'x-cache-hits': '1',
72 silly registry.get     'x-timer': 'S1388255103.336456060,VS0,VE131',
72 silly registry.get     vary: 'Accept',
72 silly registry.get     'keep-alive': 'timeout=10, max=50',
72 silly registry.get     connection: 'Keep-Alive' } ]
73 silly addNameRange number 2 { name: 'mocha', range: '>=1.14.0-0 <1.15.0-0', hasData: true }
74 silly addNameRange versions [ 'mocha',
74 silly addNameRange   [ '0.0.1-alpha1',
74 silly addNameRange     '0.0.1-alpha2',
74 silly addNameRange     '0.0.1-alpha3',
74 silly addNameRange     '0.0.1-alpha4',
74 silly addNameRange     '0.0.1-alpha5',
74 silly addNameRange     '0.0.1-alpha6',
74 silly addNameRange     '0.0.1',
74 silly addNameRange     '0.0.2',
74 silly addNameRange     '0.0.3',
74 silly addNameRange     '0.0.4',
74 silly addNameRange     '0.0.5',
74 silly addNameRange     '0.0.6',
74 silly addNameRange     '0.0.7',
74 silly addNameRange     '0.0.8',
74 silly addNameRange     '0.1.0',
74 silly addNameRange     '0.2.0',
74 silly addNameRange     '0.3.0',
74 silly addNameRange     '0.3.1',
74 silly addNameRange     '0.3.2',
74 silly addNameRange     '0.3.3',
74 silly addNameRange     '0.3.4',
74 silly addNameRange     '0.3.6',
74 silly addNameRange     '0.4.0',
74 silly addNameRange     '0.5.0',
74 silly addNameRange     '0.6.0',
74 silly addNameRange     '0.7.0',
74 silly addNameRange     '0.7.1',
74 silly addNameRange     '0.8.0',
74 silly addNameRange     '0.8.1',
74 silly addNameRange     '0.9.0',
74 silly addNameRange     '0.10.0',
74 silly addNameRange     '0.10.1',
74 silly addNameRange     '0.10.2',
74 silly addNameRange     '0.11.0',
74 silly addNameRange     '0.12.0',
74 silly addNameRange     '0.12.1',
74 silly addNameRange     '0.13.0',
74 silly addNameRange     '0.14.0',
74 silly addNameRange     '0.14.1',
74 silly addNameRange     '1.0.0',
74 silly addNameRange     '1.0.1',
74 silly addNameRange     '1.0.2',
74 silly addNameRange     '1.0.3',
74 silly addNameRange     '1.1.0',
74 silly addNameRange     '1.2.0',
74 silly addNameRange     '1.2.1',
74 silly addNameRange     '1.2.2',
74 silly addNameRange     '1.3.0',
74 silly addNameRange     '1.3.1',
74 silly addNameRange     '1.3.2',
74 silly addNameRange     '1.4.0',
74 silly addNameRange     '1.4.1',
74 silly addNameRange     '1.4.2',
74 silly addNameRange     '1.4.3',
74 silly addNameRange     '1.5.0',
74 silly addNameRange     '1.6.0',
74 silly addNameRange     '1.7.0',
74 silly addNameRange     '1.7.1',
74 silly addNameRange     '1.7.2',
74 silly addNameRange     '1.7.3',
74 silly addNameRange     '1.7.4',
74 silly addNameRange     '1.8.0',
74 silly addNameRange     '1.8.1',
74 silly addNameRange     '1.8.2',
74 silly addNameRange     '1.9.0',
74 silly addNameRange     '1.10.0',
74 silly addNameRange     '1.11.0',
74 silly addNameRange     '1.12.0',
74 silly addNameRange     '1.12.1',
74 silly addNameRange     '1.13.0',
74 silly addNameRange     '1.14.0',
74 silly addNameRange     '1.15.0',
74 silly addNameRange     '1.15.1',
74 silly addNameRange     '1.16.0',
74 silly addNameRange     '1.16.1',
74 silly addNameRange     '1.16.2' ] ]
75 verbose addNamed [ 'mocha', '1.14.0' ]
76 verbose addNamed [ '1.14.0', '1.14.0' ]
77 silly lockFile ee8f1aca-mocha-1-14-0 mocha@1.14.0
78 verbose lock mocha@1.14.0 /Users/AgtLucas/.npm/ee8f1aca-mocha-1-14-0.lock
79 silly lockFile 010d279c-npmjs-org-mocha-mocha-1-14-0-tgz https://registry.npmjs.org/mocha/-/mocha-1.14.0.tgz
80 verbose lock https://registry.npmjs.org/mocha/-/mocha-1.14.0.tgz /Users/AgtLucas/.npm/010d279c-npmjs-org-mocha-mocha-1-14-0-tgz.lock
81 verbose addRemoteTarball [ 'https://registry.npmjs.org/mocha/-/mocha-1.14.0.tgz',
81 verbose addRemoteTarball   '713db6dc5000191a9d0358195d0908790ecb6157' ]
82 info retry fetch attempt 1 at 16:25:10
83 verbose fetch to= /var/folders/wb/3548h54s419544npnm7cfv7m0000gn/T/npm-4166-MxxEFnFN/1388255110251-0.07050230214372277/tmp.tgz
84 http GET https://registry.npmjs.org/mocha/-/mocha-1.14.0.tgz
85 verbose tar unpack /var/folders/wb/3548h54s419544npnm7cfv7m0000gn/T/npm-4166-MxxEFnFN/1388255102753-0.9627737884875387/tmp.tgz
86 silly lockFile 37c8abfc-02753-0-9627737884875387-package tar:///var/folders/wb/3548h54s419544npnm7cfv7m0000gn/T/npm-4166-MxxEFnFN/1388255102753-0.9627737884875387/package
87 verbose lock tar:///var/folders/wb/3548h54s419544npnm7cfv7m0000gn/T/npm-4166-MxxEFnFN/1388255102753-0.9627737884875387/package /Users/AgtLucas/.npm/37c8abfc-02753-0-9627737884875387-package.lock
88 silly lockFile e41e407f-02753-0-9627737884875387-tmp-tgz tar:///var/folders/wb/3548h54s419544npnm7cfv7m0000gn/T/npm-4166-MxxEFnFN/1388255102753-0.9627737884875387/tmp.tgz
89 verbose lock tar:///var/folders/wb/3548h54s419544npnm7cfv7m0000gn/T/npm-4166-MxxEFnFN/1388255102753-0.9627737884875387/tmp.tgz /Users/AgtLucas/.npm/e41e407f-02753-0-9627737884875387-tmp-tgz.lock
90 silly gunzTarPerm modes [ '755', '644' ]
91 silly gunzTarPerm extractEntry package.json
92 silly gunzTarPerm extractEntry main.js
93 silly gunzTarPerm extractEntry coverage/coverage.json
94 silly gunzTarPerm extractEntry coverage/lcov.info
95 silly gunzTarPerm extractEntry lib/base.js
96 silly gunzTarPerm extractEntry lib/named-base.js
97 silly gunzTarPerm extractEntry lib/actions/actions.js
98 silly gunzTarPerm extractEntry lib/actions/fetch.js
99 silly gunzTarPerm extractEntry lib/actions/file.js
100 silly gunzTarPerm extractEntry lib/actions/install.js
101 silly gunzTarPerm extractEntry lib/actions/invoke.js
102 silly gunzTarPerm extractEntry lib/actions/prompt.js
103 silly gunzTarPerm extractEntry lib/actions/spawn_command.js
104 silly gunzTarPerm extractEntry lib/actions/string.js
105 silly gunzTarPerm extractEntry lib/actions/user.js
106 silly gunzTarPerm extractEntry lib/actions/wiring.js
107 silly gunzTarPerm extractEntry lib/env/index.js
108 silly gunzTarPerm extractEntry lib/env/resolver.js
109 silly gunzTarPerm extractEntry lib/env/store.js
110 silly gunzTarPerm extractEntry lib/test/helpers.js
111 silly gunzTarPerm extractEntry lib/util/common.js
112 silly gunzTarPerm extractEntry lib/util/conflicter.js
113 silly gunzTarPerm extractEntry lib/util/engines.js
114 silly gunzTarPerm extractEntry lib/util/log.js
115 silly gunzTarPerm extractEntry lib/util/misc.js
116 silly gunzTarPerm extractEntry lib/util/storage.js
117 silly gunzTarPerm extractEntry readme.md
118 silly lockFile 37c8abfc-02753-0-9627737884875387-package tar:///var/folders/wb/3548h54s419544npnm7cfv7m0000gn/T/npm-4166-MxxEFnFN/1388255102753-0.9627737884875387/package
119 silly lockFile 37c8abfc-02753-0-9627737884875387-package tar:///var/folders/wb/3548h54s419544npnm7cfv7m0000gn/T/npm-4166-MxxEFnFN/1388255102753-0.9627737884875387/package
120 silly lockFile e41e407f-02753-0-9627737884875387-tmp-tgz tar:///var/folders/wb/3548h54s419544npnm7cfv7m0000gn/T/npm-4166-MxxEFnFN/1388255102753-0.9627737884875387/tmp.tgz
121 silly lockFile e41e407f-02753-0-9627737884875387-tmp-tgz tar:///var/folders/wb/3548h54s419544npnm7cfv7m0000gn/T/npm-4166-MxxEFnFN/1388255102753-0.9627737884875387/tmp.tgz
122 verbose tar pack [ '/Users/AgtLucas/.npm/yeoman-generator/0.14.2/package.tgz',
122 verbose tar pack   '/var/folders/wb/3548h54s419544npnm7cfv7m0000gn/T/npm-4166-MxxEFnFN/1388255102753-0.9627737884875387/package' ]
123 verbose tarball /Users/AgtLucas/.npm/yeoman-generator/0.14.2/package.tgz
124 verbose folder /var/folders/wb/3548h54s419544npnm7cfv7m0000gn/T/npm-4166-MxxEFnFN/1388255102753-0.9627737884875387/package
125 silly lockFile 37c8abfc-02753-0-9627737884875387-package tar:///var/folders/wb/3548h54s419544npnm7cfv7m0000gn/T/npm-4166-MxxEFnFN/1388255102753-0.9627737884875387/package
126 verbose lock tar:///var/folders/wb/3548h54s419544npnm7cfv7m0000gn/T/npm-4166-MxxEFnFN/1388255102753-0.9627737884875387/package /Users/AgtLucas/.npm/37c8abfc-02753-0-9627737884875387-package.lock
127 silly lockFile 53bcabbc-man-generator-0-14-2-package-tgz tar:///Users/AgtLucas/.npm/yeoman-generator/0.14.2/package.tgz
128 verbose lock tar:///Users/AgtLucas/.npm/yeoman-generator/0.14.2/package.tgz /Users/AgtLucas/.npm/53bcabbc-man-generator-0-14-2-package-tgz.lock
129 silly lockFile 37c8abfc-02753-0-9627737884875387-package tar:///var/folders/wb/3548h54s419544npnm7cfv7m0000gn/T/npm-4166-MxxEFnFN/1388255102753-0.9627737884875387/package
130 silly lockFile 37c8abfc-02753-0-9627737884875387-package tar:///var/folders/wb/3548h54s419544npnm7cfv7m0000gn/T/npm-4166-MxxEFnFN/1388255102753-0.9627737884875387/package
131 silly lockFile 53bcabbc-man-generator-0-14-2-package-tgz tar:///Users/AgtLucas/.npm/yeoman-generator/0.14.2/package.tgz
132 silly lockFile 53bcabbc-man-generator-0-14-2-package-tgz tar:///Users/AgtLucas/.npm/yeoman-generator/0.14.2/package.tgz
133 silly lockFile cd731be0--yeoman-generator-0-14-2-package /Users/AgtLucas/.npm/yeoman-generator/0.14.2/package
134 verbose lock /Users/AgtLucas/.npm/yeoman-generator/0.14.2/package /Users/AgtLucas/.npm/cd731be0--yeoman-generator-0-14-2-package.lock
135 silly lockFile cd731be0--yeoman-generator-0-14-2-package /Users/AgtLucas/.npm/yeoman-generator/0.14.2/package
136 silly lockFile cd731be0--yeoman-generator-0-14-2-package /Users/AgtLucas/.npm/yeoman-generator/0.14.2/package
137 verbose tar unpack /Users/AgtLucas/.npm/yeoman-generator/0.14.2/package.tgz
138 silly lockFile 9ba9785e--yeoman-generator-0-14-2-package tar:///Users/AgtLucas/.npm/yeoman-generator/0.14.2/package
139 verbose lock tar:///Users/AgtLucas/.npm/yeoman-generator/0.14.2/package /Users/AgtLucas/.npm/9ba9785e--yeoman-generator-0-14-2-package.lock
140 silly lockFile 53bcabbc-man-generator-0-14-2-package-tgz tar:///Users/AgtLucas/.npm/yeoman-generator/0.14.2/package.tgz
141 verbose lock tar:///Users/AgtLucas/.npm/yeoman-generator/0.14.2/package.tgz /Users/AgtLucas/.npm/53bcabbc-man-generator-0-14-2-package-tgz.lock
142 silly gunzTarPerm modes [ '755', '644' ]
143 silly gunzTarPerm extractEntry package.json
144 silly gunzTarPerm extractEntry main.js
145 silly gunzTarPerm extractEntry coverage/coverage.json
146 silly gunzTarPerm extractEntry coverage/lcov.info
147 silly gunzTarPerm extractEntry lib/base.js
148 silly gunzTarPerm extractEntry lib/named-base.js
149 silly gunzTarPerm extractEntry lib/actions/actions.js
150 silly gunzTarPerm extractEntry lib/actions/fetch.js
151 silly gunzTarPerm extractEntry lib/actions/file.js
152 silly gunzTarPerm extractEntry lib/actions/install.js
153 silly gunzTarPerm extractEntry lib/actions/invoke.js
154 silly gunzTarPerm extractEntry lib/actions/prompt.js
155 silly gunzTarPerm extractEntry lib/actions/spawn_command.js
156 silly gunzTarPerm extractEntry lib/actions/string.js
157 silly gunzTarPerm extractEntry lib/actions/user.js
158 silly gunzTarPerm extractEntry lib/actions/wiring.js
159 silly gunzTarPerm extractEntry lib/env/index.js
160 silly gunzTarPerm extractEntry lib/env/resolver.js
161 silly gunzTarPerm extractEntry lib/env/store.js
162 silly gunzTarPerm extractEntry lib/test/helpers.js
163 silly gunzTarPerm extractEntry lib/util/common.js
164 silly gunzTarPerm extractEntry lib/util/conflicter.js
165 silly gunzTarPerm extractEntry lib/util/engines.js
166 silly gunzTarPerm extractEntry lib/util/log.js
167 silly gunzTarPerm extractEntry lib/util/misc.js
168 silly gunzTarPerm extractEntry lib/util/storage.js
169 silly gunzTarPerm extractEntry readme.md
170 silly lockFile 9ba9785e--yeoman-generator-0-14-2-package tar:///Users/AgtLucas/.npm/yeoman-generator/0.14.2/package
171 silly lockFile 9ba9785e--yeoman-generator-0-14-2-package tar:///Users/AgtLucas/.npm/yeoman-generator/0.14.2/package
172 silly lockFile 53bcabbc-man-generator-0-14-2-package-tgz tar:///Users/AgtLucas/.npm/yeoman-generator/0.14.2/package.tgz
173 silly lockFile 53bcabbc-man-generator-0-14-2-package-tgz tar:///Users/AgtLucas/.npm/yeoman-generator/0.14.2/package.tgz
174 verbose chmod /Users/AgtLucas/.npm/yeoman-generator/0.14.2/package.tgz 644
175 verbose chown /Users/AgtLucas/.npm/yeoman-generator/0.14.2/package.tgz [ 501, 20 ]
176 silly lockFile 8277025e-ator-yeoman-generator-0-14-2-tgz https://registry.npmjs.org/yeoman-generator/-/yeoman-generator-0.14.2.tgz
177 silly lockFile 8277025e-ator-yeoman-generator-0-14-2-tgz https://registry.npmjs.org/yeoman-generator/-/yeoman-generator-0.14.2.tgz
178 silly lockFile 45422672-yeoman-generator-0-14-2 yeoman-generator@0.14.2
179 silly lockFile 45422672-yeoman-generator-0-14-2 yeoman-generator@0.14.2
180 silly lockFile 149a9748-yeoman-generator-0-14-0 yeoman-generator@~0.14.0
181 silly lockFile 149a9748-yeoman-generator-0-14-0 yeoman-generator@~0.14.0
182 error fetch failed https://registry.npmjs.org/mocha/-/mocha-1.14.0.tgz
183 info retry will retry, error on last attempt: Error: read ECONNRESET
184 info retry fetch attempt 2 at 16:25:21
185 verbose fetch to= /var/folders/wb/3548h54s419544npnm7cfv7m0000gn/T/npm-4166-MxxEFnFN/1388255110251-0.07050230214372277/tmp.tgz
186 http GET https://registry.npmjs.org/mocha/-/mocha-1.14.0.tgz
187 error fetch failed https://registry.npmjs.org/mocha/-/mocha-1.14.0.tgz
188 info retry will retry, error on last attempt: Error: read ECONNRESET
189 info retry fetch attempt 3 at 16:26:24
190 verbose fetch to= /var/folders/wb/3548h54s419544npnm7cfv7m0000gn/T/npm-4166-MxxEFnFN/1388255110251-0.07050230214372277/tmp.tgz
191 http GET https://registry.npmjs.org/mocha/-/mocha-1.14.0.tgz
192 error fetch failed https://registry.npmjs.org/mocha/-/mocha-1.14.0.tgz
193 silly lockFile 010d279c-npmjs-org-mocha-mocha-1-14-0-tgz https://registry.npmjs.org/mocha/-/mocha-1.14.0.tgz
194 silly lockFile 010d279c-npmjs-org-mocha-mocha-1-14-0-tgz https://registry.npmjs.org/mocha/-/mocha-1.14.0.tgz
195 silly lockFile ee8f1aca-mocha-1-14-0 mocha@1.14.0
196 silly lockFile ee8f1aca-mocha-1-14-0 mocha@1.14.0
197 silly lockFile e9395643-mocha-1-14-0 mocha@~1.14.0
198 silly lockFile e9395643-mocha-1-14-0 mocha@~1.14.0
199 error network read ECONNRESET
199 error network This is most likely not a problem with npm itself
199 error network and is related to network connectivity.
199 error network In most cases you are behind a proxy or have bad network settings.
199 error network
199 error network If you are behind a proxy, please make sure that the
199 error network 'proxy' config is set properly.  See: 'npm help config'
200 error System Darwin 13.0.0
201 error command "/usr/local/bin/node" "/usr/local/bin/npm" "install"
202 error cwd /Users/AgtLucas/Sites/generator-milagro
203 error node -v v0.10.24
204 error npm -v 1.3.21
205 error syscall read
206 error code ECONNRESET
207 error errno ECONNRESET
208 verbose exit [ 1, true ]
